<?xml version="1.0" encoding="UTF-8"?>
<!-- Generated by org.testng.reporters.JUnitXMLReporter -->
<testsuite hostname="CTLINDT-0708" name="Default test4" tests="1" failures="0" timestamp="30 Aug 2018 12:17:58 GMT" time="26.203" errors="0">
  <testcase name="@BeforeTest beforeTest" time="0.0" classname="com.jetPrev.scripts_BrowserFunctionality.ShopJetPrev_TC033_Brandingguidelines">
    <failure type="java.lang.AssertionError" message="Returned value cannot be converted to List&amp;lt;String&amp;gt;: {stacktrace=, error=invalid session id, message=session null does not exist}
Build info: version: &amp;apos;unknown&amp;apos;, revision: &amp;apos;f233563&amp;apos;, time: &amp;apos;2016-07-28 17:43:42 -0700&amp;apos;
System info: host: &amp;apos;CTLINDT-0708&amp;apos;, ip: &amp;apos;10.62.66.152&amp;apos;, os.name: &amp;apos;Windows 10&amp;apos;, os.arch: &amp;apos;amd64&amp;apos;, os.version: &amp;apos;10.0&amp;apos;, java.version: &amp;apos;1.8.0_171&amp;apos;
Driver info: driver.version: EventFiringWebDriver">
      <![CDATA[java.lang.AssertionError: Returned value cannot be converted to List<String>: {stacktrace=, error=invalid session id, message=session null does not exist}
Build info: version: 'unknown', revision: 'f233563', time: '2016-07-28 17:43:42 -0700'
System info: host: 'CTLINDT-0708', ip: '10.62.66.152', os.name: 'Windows 10', os.arch: 'amd64', os.version: '10.0', java.version: '1.8.0_171'
Driver info: driver.version: EventFiringWebDriver
	at org.testng.Assert.fail(Assert.java:94)
	at com.web.automation.accelerators.ActionsLibrary.instantiateDriver(ActionsLibrary.java:1661)
	at com.web.automation.accelerators.TestEngineWeb.beforeClass(TestEngineWeb.java:909)
	at com.web.automation.accelerators.TestEngineWeb.beforeTest(TestEngineWeb.java:653)
	at sun.reflect.NativeMethodAccessorImpl.invoke0(Native Method)
	at sun.reflect.NativeMethodAccessorImpl.invoke(Unknown Source)
	at sun.reflect.DelegatingMethodAccessorImpl.invoke(Unknown Source)
	at java.lang.reflect.Method.invoke(Unknown Source)
	at org.testng.internal.MethodInvocationHelper.invokeMethod(MethodInvocationHelper.java:86)
	at org.testng.internal.Invoker.invokeConfigurationMethod(Invoker.java:514)
	at org.testng.internal.Invoker.invokeConfigurations(Invoker.java:215)
	at org.testng.internal.Invoker.invokeConfigurations(Invoker.java:142)
	at org.testng.TestRunner.beforeRun(TestRunner.java:656)
	at org.testng.TestRunner.run(TestRunner.java:624)
	at org.testng.SuiteRunner.runTest(SuiteRunner.java:366)
	at org.testng.SuiteRunner.runSequentially(SuiteRunner.java:361)
	at org.testng.SuiteRunner.privateRun(SuiteRunner.java:319)
	at org.testng.SuiteRunner.run(SuiteRunner.java:268)
	at org.testng.SuiteRunnerWorker.runSuite(SuiteRunnerWorker.java:52)
	at org.testng.SuiteRunnerWorker.run(SuiteRunnerWorker.java:86)
	at org.testng.TestNG.runSuitesSequentially(TestNG.java:1244)
	at org.testng.TestNG.runSuitesLocally(TestNG.java:1169)
	at org.testng.TestNG.run(TestNG.java:1064)
	at org.testng.remote.AbstractRemoteTestNG.run(AbstractRemoteTestNG.java:114)
	at org.testng.remote.RemoteTestNG.initAndRun(RemoteTestNG.java:251)
	at org.testng.remote.RemoteTestNG.main(RemoteTestNG.java:77)
]]>
    </failure>
  </testcase> <!-- @BeforeTest beforeTest -->
  <testcase name="@BeforeMethod beforeMethod" time="0.0" classname="com.jetPrev.scripts_BrowserFunctionality.ShopJetPrev_TC033_Brandingguidelines">
    <failure type="java.lang.AssertionError" message="Returned value cannot be converted to List&amp;lt;String&amp;gt;: {stacktrace=, error=invalid session id, message=session null does not exist}
Build info: version: &amp;apos;unknown&amp;apos;, revision: &amp;apos;f233563&amp;apos;, time: &amp;apos;2016-07-28 17:43:42 -0700&amp;apos;
System info: host: &amp;apos;CTLINDT-0708&amp;apos;, ip: &amp;apos;10.62.66.152&amp;apos;, os.name: &amp;apos;Windows 10&amp;apos;, os.arch: &amp;apos;amd64&amp;apos;, os.version: &amp;apos;10.0&amp;apos;, java.version: &amp;apos;1.8.0_171&amp;apos;
Driver info: driver.version: EventFiringWebDriver">
      <![CDATA[java.lang.AssertionError: Returned value cannot be converted to List<String>: {stacktrace=, error=invalid session id, message=session null does not exist}
Build info: version: 'unknown', revision: 'f233563', time: '2016-07-28 17:43:42 -0700'
System info: host: 'CTLINDT-0708', ip: '10.62.66.152', os.name: 'Windows 10', os.arch: 'amd64', os.version: '10.0', java.version: '1.8.0_171'
Driver info: driver.version: EventFiringWebDriver
	at org.testng.Assert.fail(Assert.java:94)
	at com.web.automation.accelerators.ActionsLibrary.instantiateDriver(ActionsLibrary.java:1661)
	at com.web.automation.accelerators.TestEngineWeb.beforeMethod(TestEngineWeb.java:1016)
	at sun.reflect.NativeMethodAccessorImpl.invoke0(Native Method)
	at sun.reflect.NativeMethodAccessorImpl.invoke(Unknown Source)
	at sun.reflect.DelegatingMethodAccessorImpl.invoke(Unknown Source)
	at java.lang.reflect.Method.invoke(Unknown Source)
	at org.testng.internal.MethodInvocationHelper.invokeMethod(MethodInvocationHelper.java:86)
	at org.testng.internal.Invoker.invokeConfigurationMethod(Invoker.java:514)
	at org.testng.internal.Invoker.invokeConfigurations(Invoker.java:215)
	at org.testng.internal.Invoker.invokeMethod(Invoker.java:589)
	at org.testng.internal.Invoker.invokeTestMethod(Invoker.java:820)
	at org.testng.internal.Invoker.invokeTestMethods(Invoker.java:1128)
	at org.testng.internal.TestMethodWorker.invokeTestMethods(TestMethodWorker.java:129)
	at org.testng.internal.TestMethodWorker.run(TestMethodWorker.java:112)
	at org.testng.TestRunner.privateRun(TestRunner.java:782)
	at org.testng.TestRunner.run(TestRunner.java:632)
	at org.testng.SuiteRunner.runTest(SuiteRunner.java:366)
	at org.testng.SuiteRunner.runSequentially(SuiteRunner.java:361)
	at org.testng.SuiteRunner.privateRun(SuiteRunner.java:319)
	at org.testng.SuiteRunner.run(SuiteRunner.java:268)
	at org.testng.SuiteRunnerWorker.runSuite(SuiteRunnerWorker.java:52)
	at org.testng.SuiteRunnerWorker.run(SuiteRunnerWorker.java:86)
	at org.testng.TestNG.runSuitesSequentially(TestNG.java:1244)
	at org.testng.TestNG.runSuitesLocally(TestNG.java:1169)
	at org.testng.TestNG.run(TestNG.java:1064)
	at org.testng.remote.AbstractRemoteTestNG.run(AbstractRemoteTestNG.java:114)
	at org.testng.remote.RemoteTestNG.initAndRun(RemoteTestNG.java:251)
	at org.testng.remote.RemoteTestNG.main(RemoteTestNG.java:77)
]]>
    </failure>
  </testcase> <!-- @BeforeMethod beforeMethod -->
  <testcase name="ShopJetPrev_TC033_Brandingguidelines" time="0.001" classname="com.jetPrev.scripts_BrowserFunctionality.ShopJetPrev_TC033_Brandingguidelines">
    <skipped/>
  </testcase> <!-- ShopJetPrev_TC033_Brandingguidelines -->
</testsuite> <!-- Default test4 -->
