<?xml version="1.0" encoding="UTF-8"?>
<!-- Generated by org.testng.reporters.JUnitXMLReporter -->
<testsuite hostname="CTLINDT-0708" name="Default test" tests="1" failures="1" timestamp="21 Feb 2018 04:16:48 GMT" time="97.595" errors="0">
  <testcase name="@AfterMethod fnEndTest" time="0.0" classname="tv.hooq.web.scripts.HOOQ_Web_FreeUser_BrowseFilter">
    <failure type="java.io.IOException" message="User authorization failed (access_denied)">
      <![CDATA[java.io.IOException: User authorization failed (access_denied)
	at com.google.api.client.extensions.jetty.auth.oauth2.LocalServerReceiver.waitForCode(LocalServerReceiver.java:120)
	at com.google.api.client.extensions.java6.auth.oauth2.AuthorizationCodeInstalledApp.authorize(AuthorizationCodeInstalledApp.java:81)
	at com.web.automation.googledrive.GoogleDriveAPI.authorize(GoogleDriveAPI.java:99)
	at com.web.automation.googledrive.GoogleDriveAPI.getSheetsService(GoogleDriveAPI.java:111)
	at com.web.automation.googledrive.GoogleDriveAPI.fnGetRowNo(GoogleDriveAPI.java:523)
	at com.web.automation.googledrive.ReportStatus.fnUpdateResultStatus(ReportStatus.java:19)
	at tv.hooq.web.scripts.HOOQ_Web_FreeUser_BrowseFilter.fnEndTest(HOOQ_Web_FreeUser_BrowseFilter.java:102)
	at sun.reflect.NativeMethodAccessorImpl.invoke0(Native Method)
	at sun.reflect.NativeMethodAccessorImpl.invoke(Unknown Source)
	at sun.reflect.DelegatingMethodAccessorImpl.invoke(Unknown Source)
	at java.lang.reflect.Method.invoke(Unknown Source)
	at org.testng.internal.MethodInvocationHelper.invokeMethod(MethodInvocationHelper.java:86)
	at org.testng.internal.Invoker.invokeConfigurationMethod(Invoker.java:514)
	at org.testng.internal.Invoker.invokeConfigurations(Invoker.java:215)
	at org.testng.internal.Invoker.invokeMethod(Invoker.java:707)
	at org.testng.internal.Invoker.invokeTestMethod(Invoker.java:820)
	at org.testng.internal.Invoker.invokeTestMethods(Invoker.java:1128)
	at org.testng.internal.TestMethodWorker.invokeTestMethods(TestMethodWorker.java:129)
	at org.testng.internal.TestMethodWorker.run(TestMethodWorker.java:112)
	at org.testng.TestRunner.privateRun(TestRunner.java:782)
	at org.testng.TestRunner.run(TestRunner.java:632)
	at org.testng.SuiteRunner.runTest(SuiteRunner.java:366)
	at org.testng.SuiteRunner.runSequentially(SuiteRunner.java:361)
	at org.testng.SuiteRunner.privateRun(SuiteRunner.java:319)
	at org.testng.SuiteRunner.run(SuiteRunner.java:268)
	at org.testng.SuiteRunnerWorker.runSuite(SuiteRunnerWorker.java:52)
	at org.testng.SuiteRunnerWorker.run(SuiteRunnerWorker.java:86)
	at org.testng.TestNG.runSuitesSequentially(TestNG.java:1244)
	at org.testng.TestNG.runSuitesLocally(TestNG.java:1169)
	at org.testng.TestNG.run(TestNG.java:1064)
	at org.testng.remote.AbstractRemoteTestNG.run(AbstractRemoteTestNG.java:114)
	at org.testng.remote.RemoteTestNG.initAndRun(RemoteTestNG.java:251)
	at org.testng.remote.RemoteTestNG.main(RemoteTestNG.java:77)
]]>
    </failure>
  </testcase> <!-- @AfterMethod fnEndTest -->
  <testcase name="HOOQ_Web_FreeUser_BrowseFilter" time="29.089" classname="tv.hooq.web.scripts.HOOQ_Web_FreeUser_BrowseFilter">
    <failure type="java.lang.AssertionError" message="Test Case Failed because - Failed to complete HOOQ_Web_FreeUser_BrowseFilter">
      <![CDATA[java.lang.AssertionError: Test Case Failed because - Failed to complete HOOQ_Web_FreeUser_BrowseFilter
	at org.testng.Assert.fail(Assert.java:94)
	at tv.hooq.web.scripts.HOOQ_Web_FreeUser_BrowseFilter.TestCaseStatus(HOOQ_Web_FreeUser_BrowseFilter.java:39)
	at tv.hooq.web.scripts.HOOQ_Web_FreeUser_BrowseFilter.HOOQ_Web_FreeUser_BrowseFilter(HOOQ_Web_FreeUser_BrowseFilter.java:95)
	at sun.reflect.NativeMethodAccessorImpl.invoke0(Native Method)
	at sun.reflect.NativeMethodAccessorImpl.invoke(Unknown Source)
	at sun.reflect.DelegatingMethodAccessorImpl.invoke(Unknown Source)
	at java.lang.reflect.Method.invoke(Unknown Source)
	at org.testng.internal.MethodInvocationHelper.invokeMethod(MethodInvocationHelper.java:86)
	at org.testng.internal.Invoker.invokeMethod(Invoker.java:643)
	at org.testng.internal.Invoker.invokeTestMethod(Invoker.java:820)
	at org.testng.internal.Invoker.invokeTestMethods(Invoker.java:1128)
	at org.testng.internal.TestMethodWorker.invokeTestMethods(TestMethodWorker.java:129)
	at org.testng.internal.TestMethodWorker.run(TestMethodWorker.java:112)
	at org.testng.TestRunner.privateRun(TestRunner.java:782)
	at org.testng.TestRunner.run(TestRunner.java:632)
	at org.testng.SuiteRunner.runTest(SuiteRunner.java:366)
	at org.testng.SuiteRunner.runSequentially(SuiteRunner.java:361)
	at org.testng.SuiteRunner.privateRun(SuiteRunner.java:319)
	at org.testng.SuiteRunner.run(SuiteRunner.java:268)
	at org.testng.SuiteRunnerWorker.runSuite(SuiteRunnerWorker.java:52)
	at org.testng.SuiteRunnerWorker.run(SuiteRunnerWorker.java:86)
	at org.testng.TestNG.runSuitesSequentially(TestNG.java:1244)
	at org.testng.TestNG.runSuitesLocally(TestNG.java:1169)
	at org.testng.TestNG.run(TestNG.java:1064)
	at org.testng.remote.AbstractRemoteTestNG.run(AbstractRemoteTestNG.java:114)
	at org.testng.remote.RemoteTestNG.initAndRun(RemoteTestNG.java:251)
	at org.testng.remote.RemoteTestNG.main(RemoteTestNG.java:77)
]]>
    </failure>
  </testcase> <!-- HOOQ_Web_FreeUser_BrowseFilter -->
</testsuite> <!-- Default test -->
