<?xml version="1.0" encoding="UTF-8"?>
<!-- Generated by org.testng.reporters.JUnitReportReporter -->
<testsuite hostname="HW1374" name="tv.hooq.web.scripts.HOOQ_Web_ActiveUser_Subscription_NetBanking" tests="1" failures="0" timestamp="13 Dec 2017 09:14:28 GMT" time="0.459" errors="1">
  <testcase name="HOOQ_Web_ActiveUser_Subscription_NetBanking" time="0.459" classname="tv.hooq.web.scripts.HOOQ_Web_ActiveUser_Subscription_NetBanking">
    <error type="org.testng.TestNGException" message="
Parameter &#039;BankName&#039; is required by @Configuration on method beforeMethod but has not been marked @Optional or defined
in C:\HOOQ_NEW_MERGE\HOOQ_WEB_Prod\testng_xmls\testng-customsuite.xml">
      <![CDATA[org.testng.TestNGException: 
Parameter 'BankName' is required by @Configuration on method beforeMethod but has not been marked @Optional or defined
in C:\HOOQ_NEW_MERGE\HOOQ_WEB_Prod\testng_xmls\testng-customsuite.xml
	at org.testng.internal.Parameters.createParameters(Parameters.java:154)
	at org.testng.internal.Parameters.createParameters(Parameters.java:361)
	at org.testng.internal.Parameters.createConfigurationParameters(Parameters.java:84)
	at org.testng.internal.Invoker.invokeConfigurations(Invoker.java:201)
	at org.testng.internal.Invoker.invokeMethod(Invoker.java:589)
	at org.testng.internal.Invoker.invokeTestMethod(Invoker.java:820)
	at org.testng.internal.Invoker.invokeTestMethods(Invoker.java:1128)
	at org.testng.internal.TestMethodWorker.invokeTestMethods(TestMethodWorker.java:129)
	at org.testng.internal.TestMethodWorker.run(TestMethodWorker.java:112)
	at org.testng.TestRunner.privateRun(TestRunner.java:782)
	at org.testng.TestRunner.run(TestRunner.java:632)
	at org.testng.SuiteRunner.runTest(SuiteRunner.java:366)
	at org.testng.SuiteRunner.runSequentially(SuiteRunner.java:361)
	at org.testng.SuiteRunner.privateRun(SuiteRunner.java:319)
	at org.testng.SuiteRunner.run(SuiteRunner.java:268)
	at org.testng.SuiteRunnerWorker.runSuite(SuiteRunnerWorker.java:52)
	at org.testng.SuiteRunnerWorker.run(SuiteRunnerWorker.java:86)
	at org.testng.TestNG.runSuitesSequentially(TestNG.java:1244)
	at org.testng.TestNG.runSuitesLocally(TestNG.java:1169)
	at org.testng.TestNG.run(TestNG.java:1064)
	at org.testng.remote.AbstractRemoteTestNG.run(AbstractRemoteTestNG.java:132)
	at org.testng.remote.RemoteTestNG.initAndRun(RemoteTestNG.java:230)
	at org.testng.remote.RemoteTestNG.main(RemoteTestNG.java:76)
]]>
    </error>
  </testcase> <!-- HOOQ_Web_ActiveUser_Subscription_NetBanking -->
</testsuite> <!-- tv.hooq.web.scripts.HOOQ_Web_ActiveUser_Subscription_NetBanking -->
