<?xml version="1.0" encoding="UTF-8"?>
<!-- Generated by org.testng.reporters.JUnitReportReporter -->
<testsuite hostname="HW1374" name="tv.hooq.web.scripts.HOOQ_Web_FreeUser_Subscription_NetBanking" tests="1" failures="0" timestamp="13 Dec 2017 09:33:44 GMT" time="142.165" errors="1">
  <testcase name="HOOQ_Web_FreeUser_Subscription_NetBanking" time="142.165" classname="tv.hooq.web.scripts.HOOQ_Web_FreeUser_Subscription_NetBanking">
    <error type="com.google.api.client.googleapis.json.GoogleJsonResponseException" message="400 Bad Request
{
  &quot;code&quot; : 400,
  &quot;errors&quot; : [ {
    &quot;domain&quot; : &quot;global&quot;,
    &quot;message&quot; : &quot;Invalid data[0]: Unable to parse range: Reg_Prod_Web_Chrome!G0:G0&quot;,
    &quot;reason&quot; : &quot;badRequest&quot;
  } ],
  &quot;message&quot; : &quot;Invalid data[0]: Unable to parse range: Reg_Prod_Web_Chrome!G0:G0&quot;,
  &quot;status&quot; : &quot;INVALID_ARGUMENT&quot;
}">
      <![CDATA[com.google.api.client.googleapis.json.GoogleJsonResponseException: 400 Bad Request
{
  "code" : 400,
  "errors" : [ {
    "domain" : "global",
    "message" : "Invalid data[0]: Unable to parse range: Reg_Prod_Web_Chrome!G0:G0",
    "reason" : "badRequest"
  } ],
  "message" : "Invalid data[0]: Unable to parse range: Reg_Prod_Web_Chrome!G0:G0",
  "status" : "INVALID_ARGUMENT"
}
	at com.google.api.client.googleapis.json.GoogleJsonResponseException.from(GoogleJsonResponseException.java:146)
	at com.google.api.client.googleapis.services.json.AbstractGoogleJsonClientRequest.newExceptionOnError(AbstractGoogleJsonClientRequest.java:113)
	at com.google.api.client.googleapis.services.json.AbstractGoogleJsonClientRequest.newExceptionOnError(AbstractGoogleJsonClientRequest.java:40)
	at com.google.api.client.googleapis.services.AbstractGoogleClientRequest$1.interceptResponse(AbstractGoogleClientRequest.java:321)
	at com.google.api.client.http.HttpRequest.execute(HttpRequest.java:1065)
	at com.google.api.client.googleapis.services.AbstractGoogleClientRequest.executeUnparsed(AbstractGoogleClientRequest.java:419)
	at com.google.api.client.googleapis.services.AbstractGoogleClientRequest.executeUnparsed(AbstractGoogleClientRequest.java:352)
	at com.google.api.client.googleapis.services.AbstractGoogleClientRequest.execute(AbstractGoogleClientRequest.java:469)
	at com.web.automation.googledrive.GoogleDriveAPI.updateContentData(GoogleDriveAPI.java:425)
	at com.web.automation.googledrive.ReportStatus.fnUpdateResultStatus(ReportStatus.java:39)
	at tv.hooq.web.scripts.HOOQ_Web_FreeUser_Subscription_NetBanking.HOOQ_Web_FreeUser_Subscription_NetBanking(HOOQ_Web_FreeUser_Subscription_NetBanking.java:76)
	at sun.reflect.NativeMethodAccessorImpl.invoke0(Native Method)
	at sun.reflect.NativeMethodAccessorImpl.invoke(Unknown Source)
	at sun.reflect.DelegatingMethodAccessorImpl.invoke(Unknown Source)
	at java.lang.reflect.Method.invoke(Unknown Source)
	at org.testng.internal.MethodInvocationHelper.invokeMethod(MethodInvocationHelper.java:86)
	at org.testng.internal.Invoker.invokeMethod(Invoker.java:643)
	at org.testng.internal.Invoker.invokeTestMethod(Invoker.java:820)
	at org.testng.internal.Invoker.invokeTestMethods(Invoker.java:1128)
	at org.testng.internal.TestMethodWorker.invokeTestMethods(TestMethodWorker.java:129)
	at org.testng.internal.TestMethodWorker.run(TestMethodWorker.java:112)
	at org.testng.TestRunner.privateRun(TestRunner.java:782)
	at org.testng.TestRunner.run(TestRunner.java:632)
	at org.testng.SuiteRunner.runTest(SuiteRunner.java:366)
	at org.testng.SuiteRunner.runSequentially(SuiteRunner.java:361)
	at org.testng.SuiteRunner.privateRun(SuiteRunner.java:319)
	at org.testng.SuiteRunner.run(SuiteRunner.java:268)
	at org.testng.SuiteRunnerWorker.runSuite(SuiteRunnerWorker.java:52)
	at org.testng.SuiteRunnerWorker.run(SuiteRunnerWorker.java:86)
	at org.testng.TestNG.runSuitesSequentially(TestNG.java:1244)
	at org.testng.TestNG.runSuitesLocally(TestNG.java:1169)
	at org.testng.TestNG.run(TestNG.java:1064)
	at org.testng.remote.AbstractRemoteTestNG.run(AbstractRemoteTestNG.java:132)
	at org.testng.remote.RemoteTestNG.initAndRun(RemoteTestNG.java:230)
	at org.testng.remote.RemoteTestNG.main(RemoteTestNG.java:76)
]]>
    </error>
  </testcase> <!-- HOOQ_Web_FreeUser_Subscription_NetBanking -->
</testsuite> <!-- tv.hooq.web.scripts.HOOQ_Web_FreeUser_Subscription_NetBanking -->
